# do {SevenSeg_Top_simulate.do}
# //  ModelSim PE Student Edition 10.4a Apr  7 2015 
# //
# //  Copyright 1991-2015 Mentor Graphics Corporation
# //  All Rights Reserved.
# //
# //  THIS WORK CONTAINS TRADE SECRET AND PROPRIETARY INFORMATION
# //  WHICH IS THE PROPERTY OF MENTOR GRAPHICS CORPORATION OR ITS
# //  LICENSORS AND IS SUBJECT TO LICENSE TERMS.
# //  THIS DOCUMENT CONTAINS TRADE SECRETS AND COMMERCIAL OR FINANCIAL
# //  INFORMATION THAT ARE PRIVILEGED, CONFIDENTIAL, AND EXEMPT FROM
# //  DISCLOSURE UNDER THE FREEDOM OF INFORMATION ACT, 5 U.S.C. SECTION 552.
# //  FURTHERMORE, THIS INFORMATION IS PROHIBITED FROM DISCLOSURE UNDER
# //  THE TRADE SECRETS ACT, 18 U.S.C. SECTION 1905.
# //
# // NOT FOR CORPORATE OR PRODUCTION USE.
# // THE ModelSim PE Student Edition IS NOT A SUPPORTED PRODUCT.
# // FOR HIGHER EDUCATION PURPOSES ONLY
# //
# vsim -do "do {SevenSeg_Top_simulate.do}" -l simulate.log 
# Start time: 20:15:40 on Dec 08,2018
# Loading std.standard
# Loading std.textio(body)
# Loading ieee.std_logic_1164(body)
# Loading ieee.std_logic_arith(body)
# Loading ieee.std_logic_unsigned(body)
# Loading xil_defaultlib.sevenseg_top(behavioral)
# Loading xil_defaultlib.hex2led(behavioral)
# Loading xil_defaultlib.program_counter_module(behavioral)
# Loading xil_defaultlib.instruction_memory_module(behavioral)
# Loading ieee.numeric_std(body)
# Loading xil_defaultlib.register_file(behavioral)
# Loading xil_defaultlib.control_unit(behavioral)
# Loading xil_defaultlib.alu(behavioral)
# Loading xil_defaultlib.datamem(behavioral)
# ** Warning: Design size of 11354 statements or 11 leaf instances exceeds ModelSim PE Student Edition recommended capacity.
# Expect performance to be quite adversely affected.
# 1
# 1
# .main_pane.wave.interior.cs.body.pw.wf
# .main_pane.structure.interior.cs.body.struct
# .main_pane.objects.interior.cs.body.tree
restart
force -freeze sim:/sevenseg_top/SEL_MSB 0 0
force -freeze sim:/sevenseg_top/RST 1 0
force -freeze sim:/sevenseg_top/switch_DATA_input 0 0
force -freeze sim:/sevenseg_top/Manual_CLK 1 0, 0 {50 fs} -r 100
run
run
force -freeze sim:/sevenseg_top/RST 0 0
run
run
run
run
run
run
run
run
run
run
run
run
run
run
run
run
run
run
run
run
run
run
run
run
run
run
run
run
run
run
run
run
run
run
run
run
run
run
run
run
run
run
run
run
run
run
run
run
