Vivado Simulator 2018.2
Copyright 1986-1999, 2001-2018 Xilinx, Inc. All Rights Reserved.
Running: C:/Xilinx/Vivado/2018.2/bin/unwrapped/win64.o/xelab.exe -wto 2be0e5ed151e4c1baedf12df58e31f9b --incr --debug typical --relax --mt 2 --maxdelay -L xil_defaultlib -L simprims_ver -L secureip --snapshot SevenSeg_Top_time_impl -transport_int_delays -pulse_r 0 -pulse_int_r 0 -pulse_e 0 -pulse_int_e 0 xil_defaultlib.SevenSeg_Top xil_defaultlib.glbl -log elaborate.log 
Using 2 slave threads.
Starting static elaboration
Completed static elaboration
Starting simulation data flow analysis
Completed simulation data flow analysis
INFO: [XSIM 43-3451] SDF backannotation process started with SDF file "SevenSeg_Top_time_impl.sdf", for root module "SevenSeg_Top".
INFO: [XSIM 43-3452] SDF backannotation was successful for SDF file "SevenSeg_Top_time_impl.sdf", for root module "SevenSeg_Top".
Time Resolution for simulation is 1ps
Compiling module simprims_ver.BUFG
Compiling module simprims_ver.IBUF
Compiling module simprims_ver.LUT4
Compiling module simprims_ver.LUT6
Compiling module simprims_ver.LUT5
Compiling module xil_defaultlib.Hex2LED
Compiling module simprims_ver.x_lut2_mux4
Compiling module simprims_ver.LUT2
Compiling module xil_defaultlib.Hex2LED_0
Compiling module simprims_ver.FDRE_default
Compiling module simprims_ver.FDRE(INIT=1'b1)
Compiling module simprims_ver.x_lut3_mux8
Compiling module simprims_ver.LUT3
Compiling module simprims_ver.MUXF7
Compiling module simprims_ver.MUXF8
Compiling module xil_defaultlib.datamem
Compiling module xil_defaultlib.Instruction_Memory_module
Compiling module simprims_ver.CARRY4
Compiling module simprims_ver.x_lut1_mux2
Compiling module simprims_ver.LUT1
Compiling module simprims_ver.FDCE_default
Compiling module xil_defaultlib.Program_Counter_module
Compiling module simprims_ver.FDCE(INIT=1'b1)
Compiling module xil_defaultlib.Register_File
Compiling module simprims_ver.FDSE(INIT=1'b0)
Compiling module simprims_ver.OBUF
Compiling module xil_defaultlib.SevenSeg_Top
Compiling module xil_defaultlib.glbl
