Vivado Simulator 2018.2
Copyright 1986-1999, 2001-2018 Xilinx, Inc. All Rights Reserved.
Running: C:/Xilinx/Vivado/2018.2/bin/unwrapped/win64.o/xelab.exe -wto 2be0e5ed151e4c1baedf12df58e31f9b --incr --debug typical --relax --mt 2 -L xil_defaultlib -L secureip --snapshot SevenSeg_Top_behav xil_defaultlib.SevenSeg_Top -log elaborate.log 
Using 2 slave threads.
Starting static elaboration
Completed static elaboration
Starting simulation data flow analysis
Completed simulation data flow analysis
Time Resolution for simulation is 1ps
Compiling package std.standard
Compiling package std.textio
Compiling package ieee.std_logic_1164
Compiling package ieee.std_logic_arith
Compiling package ieee.std_logic_unsigned
Compiling package ieee.numeric_std
Compiling architecture behavioral of entity xil_defaultlib.Hex2LED [hex2led_default]
Compiling architecture behavioral of entity xil_defaultlib.Program_Counter_module [program_counter_module_default]
Compiling architecture behavioral of entity xil_defaultlib.Instruction_Memory_module [instruction_memory_module_defaul...]
Compiling architecture behavioral of entity xil_defaultlib.Register_File [register_file_default]
Compiling architecture behavioral of entity xil_defaultlib.Control_Unit [control_unit_default]
Compiling architecture behavioral of entity xil_defaultlib.ALU [alu_default]
Compiling architecture behavioral of entity xil_defaultlib.datamem [datamem_default]
Compiling architecture behavioral of entity xil_defaultlib.sevenseg_top
Built simulation snapshot SevenSeg_Top_behav
